TN:
SF:src/components/AddAccount.css
FNF:0
FNH:0
LF:0
LH:0
BRF:0
BRH:0
end_of_record
TN:
SF:src/components/AddAccount.jsx
FN:3,AddAccount
FNF:1
FNH:1
FNDA:1,AddAccount
DA:4,1
LF:1
LH:1
BRF:0
BRH:0
end_of_record
TN:
SF:src/components/DropDown.css
FNF:0
FNH:0
LF:0
LH:0
BRF:0
BRH:0
end_of_record
TN:
SF:src/components/DropDown.jsx
FN:5,DropDown
FN:8,(anonymous_1)
FNF:2
FNH:2
FNDA:2,DropDown
FNDA:1,(anonymous_1)
DA:6,2
DA:8,2
DA:9,1
DA:10,1
DA:13,2
LF:5
LH:5
BRF:0
BRH:0
end_of_record
TN:
SF:src/components/Login.jsx
FN:12,(anonymous_0)
FN:17,(anonymous_1)
FN:19,(anonymous_2)
FN:25,(anonymous_3)
FN:39,(anonymous_4)
FN:45,(anonymous_5)
FNF:6
FNH:4
FNDA:4,(anonymous_0)
FNDA:2,(anonymous_1)
FNDA:2,(anonymous_2)
FNDA:0,(anonymous_3)
FNDA:0,(anonymous_4)
FNDA:4,(anonymous_5)
DA:7,1
DA:12,1
DA:13,4
DA:14,4
DA:15,4
DA:17,4
DA:18,2
DA:19,2
DA:25,4
DA:26,0
DA:29,0
DA:30,0
DA:31,0
DA:32,0
DA:33,0
DA:34,0
DA:38,0
DA:39,0
DA:45,4
DA:46,4
DA:49,4
LF:21
LH:12
BRDA:32,0,0,0
BRDA:32,0,1,0
BRDA:46,1,0,4
BRDA:46,1,1,2
BRDA:51,2,0,4
BRDA:51,2,1,0
BRF:6
BRH:3
end_of_record
TN:
SF:src/components/Logout.jsx
FN:9,(anonymous_0)
FN:12,(anonymous_1)
FN:17,(anonymous_2)
FN:19,(anonymous_3)
FN:28,(anonymous_4)
FNF:5
FNH:5
FNDA:2,(anonymous_0)
FNDA:1,(anonymous_1)
FNDA:1,(anonymous_2)
FNDA:1,(anonymous_3)
FNDA:1,(anonymous_4)
DA:9,1
DA:10,2
DA:11,2
DA:12,2
DA:13,1
DA:14,1
DA:17,2
DA:18,1
DA:19,1
DA:22,2
DA:28,1
LF:11
LH:11
BRF:0
BRH:0
end_of_record
TN:
SF:src/components/Profile.jsx
FN:10,(anonymous_0)
FN:16,(anonymous_1)
FN:17,(anonymous_2)
FN:21,(anonymous_3)
FNF:4
FNH:4
FNDA:3,(anonymous_0)
FNDA:2,(anonymous_1)
FNDA:2,(anonymous_2)
FNDA:1,(anonymous_3)
DA:5,1
DA:10,1
DA:11,3
DA:13,3
DA:14,3
DA:16,3
DA:17,2
DA:18,2
DA:19,2
DA:20,1
DA:21,1
DA:22,1
DA:29,1
DA:32,2
DA:35,3
LF:15
LH:15
BRDA:13,0,0,3
BRDA:13,0,1,2
BRDA:14,1,0,3
BRDA:14,1,1,2
BRDA:19,2,0,1
BRDA:19,2,1,1
BRF:6
BRH:6
end_of_record
TN:
SF:src/utils/auth.js
FN:4,(anonymous_0)
FN:8,(anonymous_1)
FN:13,(anonymous_2)
FN:18,(anonymous_3)
FNF:4
FNH:4
FNDA:3,(anonymous_0)
FNDA:1,(anonymous_1)
FNDA:2,(anonymous_2)
FNDA:1,(anonymous_3)
DA:5,3
DA:9,1
DA:10,1
DA:14,2
DA:15,2
DA:19,1
DA:20,1
DA:21,1
LF:8
LH:8
BRF:0
BRH:0
end_of_record
